# JRE version: Java(TM) SE Runtime Environment (18.0.2+9) (build 18.0.2+9-61)
# Java VM: Java HotSpot(TM) 64-Bit Server VM (18.0.2+9-61, mixed mode, sharing, tiered, compressed oops, compressed class ptrs, g1 gc, windows-amd64)
GC Precious Log:
 CardTable entry size: 512
 Card Set container configuration: InlinePtr #cards 5 size 8 Array Of Cards #cards 12 size 40 Howl #buckets 4 coarsen threshold 1843 Howl Bitmap #cards 512 size 80 coarsen threshold 460 Card regions per heap region 1 cards per card region 2048
 CPUs: 12 total, 12 available
 Memory: 5996M
 Large Page Support: Disabled
 NUMA Support: Disabled
 Compressed Oops: Enabled (32-bit)
 Heap Region Size: 1M
 Heap Min Capacity: 8M
 Heap Initial Capacity: 94M
 Heap Max Capacity: 1500M
 Pre-touch: Disabled
 Parallel Workers: 10
 Concurrent Workers: 3
 Concurrent Refinement Workers: 10
 Periodic GC: Disabled
Heap:
 garbage-first heap   total 96256K, used 30858K [0x00000000a2400000, 0x0000000100000000)
  region size 1024K, 20 young (20480K), 7 survivors (7168K)
 Metaspace       used 13052K, committed 13248K, reserved 1114112K
  class space    used 1386K, committed 1536K, reserved 1048576K
GC Heap History (6 events):
Event: 2.692 GC heap before
{Heap before GC invocations=0 (full 0):
 garbage-first heap   total 96256K, used 27648K [0x00000000a2400000, 0x0000000100000000)
  region size 1024K, 23 young (23552K), 0 survivors (0K)
 Metaspace       used 12148K, committed 12352K, reserved 1114112K
  class space    used 1357K, committed 1472K, reserved 1048576K
}
Event: 2.696 GC heap after
{Heap after GC invocations=1 (full 0):
 garbage-first heap   total 96256K, used 9323K [0x00000000a2400000, 0x0000000100000000)
  region size 1024K, 3 young (3072K), 3 survivors (3072K)
 Metaspace       used 12148K, committed 12352K, reserved 1114112K
  class space    used 1357K, committed 1472K, reserved 1048576K
}
Event: 7.807 GC heap before
{Heap before GC invocations=1 (full 0):
 garbage-first heap   total 96256K, used 40043K [0x00000000a2400000, 0x0000000100000000)
  region size 1024K, 33 young (33792K), 3 survivors (3072K)
 Metaspace       used 12646K, committed 12864K, reserved 1114112K
  class space    used 1357K, committed 1472K, reserved 1048576K
}
Event: 7.810 GC heap after
{Heap after GC invocations=2 (full 0):
 garbage-first heap   total 96256K, used 10023K [0x00000000a2400000, 0x0000000100000000)
  region size 1024K, 1 young (1024K), 1 survivors (1024K)
 Metaspace       used 12646K, committed 12864K, reserved 1114112K
  class space    used 1357K, committed 1472K, reserved 1048576K
}
Event: 1230.581 GC heap before
{Heap before GC invocations=2 (full 0):
 garbage-first heap   total 96256K, used 66343K [0x00000000a2400000, 0x0000000100000000)
  region size 1024K, 56 young (57344K), 1 survivors (1024K)
 Metaspace       used 13047K, committed 13248K, reserved 1114112K
  class space    used 1386K, committed 1536K, reserved 1048576K
}
Event: 1230.629 GC heap after
{Heap after GC invocations=3 (full 0):
 garbage-first heap   total 96256K, used 18570K [0x00000000a2400000, 0x0000000100000000)
  region size 1024K, 7 young (7168K), 7 survivors (7168K)
 Metaspace       used 13047K, committed 13248K, reserved 1114112K
  class space    used 1386K, committed 1536K, reserved 1048576K
}

